生成启动时间为 2015/10/14 13:35:59。
     1>项目“F:\Documents\Visual Studio 2015\Projects\DSExperiment1\DSExperiment1\DSExperiment1.vcxproj”在节点 2 上(Build 个目标)。
     1>ClCompile:
         E:\Program Files (x86)\Microsoft Visual Studio 14.0\VC\bin\CL.exe /c /Zi /nologo /W3 /WX- /O2 /Oi /Oy- /GL /D WIN32 /D NDEBUG /D _CONSOLE /D _UNICODE /D UNICODE /Gm- /EHsc /MD /GS /Gy /fp:precise /Zc:wchar_t /Zc:forScope /Zc:inline /Fo"Release\\" /Fd"Release\vc140.pdb" /Gd /TC /analyze- /errorReport:prompt calculator.c main.c stack.c
         calculator.c
     1>calculator.c(62): warning C4996: 'scanf': This function or variable may be unsafe. Consider using scanf_s instead. To disable deprecation, use _CRT_SECURE_NO_WARNINGS. See online help for details.
         C:\Program Files (x86)\Windows Kits\10\Include\10.0.10150.0\ucrt\stdio.h(1270): note: 参见“scanf”的声明
     1>calculator.c(372): warning C4996: 'sscanf': This function or variable may be unsafe. Consider using sscanf_s instead. To disable deprecation, use _CRT_SECURE_NO_WARNINGS. See online help for details.
         C:\Program Files (x86)\Windows Kits\10\Include\10.0.10150.0\ucrt\stdio.h(2254): note: 参见“sscanf”的声明
         main.c
         stack.c
       Link:
         E:\Program Files (x86)\Microsoft Visual Studio 14.0\VC\bin\link.exe /ERRORREPORT:PROMPT /OUT:"F:\Documents\Visual Studio 2015\Projects\DSExperiment1\Release\DSExperiment1.exe" /INCREMENTAL:NO /NOLOGO kernel32.lib user32.lib gdi32.lib winspool.lib comdlg32.lib advapi32.lib shell32.lib ole32.lib oleaut32.lib uuid.lib odbc32.lib odbccp32.lib /MANIFEST /MANIFESTUAC:"level='asInvoker' uiAccess='false'" /manifest:embed /Debug /PDB:"F:\Documents\Visual Studio 2015\Projects\DSExperiment1\Release\DSExperiment1.pdb" /SUBSYSTEM:CONSOLE /OPT:REF /OPT:ICF /LTCG:incremental /TLBID:1 /DYNAMICBASE /NXCOMPAT /IMPLIB:"F:\Documents\Visual Studio 2015\Projects\DSExperiment1\Release\DSExperiment1.lib" /MACHINE:X86 /SAFESEH Release\calculator.obj
         Release\main.obj
         Release\stack.obj
         正在生成代码
         0 of 29 functions ( 0.0%) were compiled, the rest were copied from previous compilation.
           0 functions were new in current compilation
           0 functions had inline decision re-evaluated but remain unchanged
         已完成代码的生成
         DSExperiment1.vcxproj -> F:\Documents\Visual Studio 2015\Projects\DSExperiment1\Release\DSExperiment1.exe
     1>已完成生成项目“F:\Documents\Visual Studio 2015\Projects\DSExperiment1\DSExperiment1\DSExperiment1.vcxproj”(Build 个目标)的操作。

已成功生成。

已用时间 00:00:03.17
