生成启动时间为 2015/11/14 21:40:30。
     1>项目“f:\Documents\Visual Studio 2015\Projects\DSExperiment4\DSExperiment4\DSExperiment4.vcxproj”在节点 2 上(Build 个目标)。
     1>ClCompile:
         E:\Program Files (x86)\Microsoft Visual Studio 14.0\VC\bin\CL.exe /c /Zi /nologo /W3 /WX- /O2 /Oi /Oy- /GL /D WIN32 /D NDEBUG /D _CONSOLE /D _UNICODE /D UNICODE /Gm- /EHsc /MD /GS /Gy /fp:precise /Zc:wchar_t /Zc:forScope /Zc:inline /Fo"Release\\" /Fd"Release\vc140.pdb" /Gd /TC /analyze- /errorReport:prompt main.c
         main.c
     1>main.c(9): warning C4996: 'strcpy': This function or variable may be unsafe. Consider using strcpy_s instead. To disable deprecation, use _CRT_SECURE_NO_WARNINGS. See online help for details.
       Link:
         E:\Program Files (x86)\Microsoft Visual Studio 14.0\VC\bin\link.exe /ERRORREPORT:PROMPT /OUT:"F:\文档\课件\数据结构\实验\实验4\graph.exe" /INCREMENTAL:NO /NOLOGO kernel32.lib user32.lib gdi32.lib winspool.lib comdlg32.lib advapi32.lib shell32.lib ole32.lib oleaut32.lib uuid.lib odbc32.lib odbccp32.lib /MANIFEST /MANIFESTUAC:"level='asInvoker' uiAccess='false'" /manifest:embed /Debug /PDB:"F:\文档\课件\数据结构\实验\实验4\graph.pdb" /SUBSYSTEM:CONSOLE /OPT:REF /OPT:ICF /LTCG:incremental /TLBID:1 /DYNAMICBASE /NXCOMPAT /IMPLIB:"F:\文档\课件\数据结构\实验\实验4\graph.lib" /MACHINE:X86 /SAFESEH Release\Graph.obj
         Release\Linearlist.obj
         Release\main.obj
         Release\Queue.obj
         Release\Stack.obj
         正在生成代码
         1 of 42 functions ( 2.4%) were compiled, the rest were copied from previous compilation.
           0 functions were new in current compilation
           0 functions had inline decision re-evaluated but remain unchanged
         已完成代码的生成
         DSExperiment4.vcxproj -> F:\文档\课件\数据结构\实验\实验4\graph.exe
     1>已完成生成项目“f:\Documents\Visual Studio 2015\Projects\DSExperiment4\DSExperiment4\DSExperiment4.vcxproj”(Build 个目标)的操作。

已成功生成。

已用时间 00:00:00.51
