f:\documents\visual studio 2015\projects\dsexperiment4\dsexperiment4\release\vc140.pdb
f:\documents\visual studio 2015\projects\dsexperiment4\dsexperiment4\release\stack.nativecodeanalysis.xml
f:\documents\visual studio 2015\projects\dsexperiment4\dsexperiment4\release\queue.nativecodeanalysis.xml
f:\documents\visual studio 2015\projects\dsexperiment4\dsexperiment4\release\main.nativecodeanalysis.xml
f:\documents\visual studio 2015\projects\dsexperiment4\dsexperiment4\release\linearlist.nativecodeanalysis.xml
f:\documents\visual studio 2015\projects\dsexperiment4\dsexperiment4\release\graph.nativecodeanalysis.xml
f:\documents\visual studio 2015\projects\dsexperiment4\dsexperiment4\release\graph.obj
f:\documents\visual studio 2015\projects\dsexperiment4\dsexperiment4\release\linearlist.obj
f:\documents\visual studio 2015\projects\dsexperiment4\dsexperiment4\release\main.obj
f:\documents\visual studio 2015\projects\dsexperiment4\dsexperiment4\release\queue.obj
f:\documents\visual studio 2015\projects\dsexperiment4\dsexperiment4\release\stack.obj
f:\文档\课件\数据结构\实验\实验4\graph.exe
f:\文档\课件\数据结构\实验\实验4\graph.ipdb
f:\文档\课件\数据结构\实验\实验4\graph.iobj
f:\文档\课件\数据结构\实验\实验4\graph.pdb
f:\documents\visual studio 2015\projects\dsexperiment4\dsexperiment4\release\nativecodeanalysis.read.1.tlog
f:\documents\visual studio 2015\projects\dsexperiment4\dsexperiment4\release\vc.nativecodeanalysis.all.xml
f:\文档\课件\数据结构\实验\实验4\graph.exe.lastcodeanalysissucceeded
f:\documents\visual studio 2015\projects\dsexperiment4\dsexperiment4\release\dsexperiment4.tlog\cl.command.1.tlog
f:\documents\visual studio 2015\projects\dsexperiment4\dsexperiment4\release\dsexperiment4.tlog\cl.read.1.tlog
f:\documents\visual studio 2015\projects\dsexperiment4\dsexperiment4\release\dsexperiment4.tlog\cl.write.1.tlog
f:\documents\visual studio 2015\projects\dsexperiment4\dsexperiment4\release\dsexperiment4.tlog\link.command.1.tlog
f:\documents\visual studio 2015\projects\dsexperiment4\dsexperiment4\release\dsexperiment4.tlog\link.read.1.tlog
f:\documents\visual studio 2015\projects\dsexperiment4\dsexperiment4\release\dsexperiment4.tlog\link.write.1.tlog
