生成启动时间为 2015/11/18 13:54:25。
     1>项目“f:\Documents\Visual Studio 2015\Projects\DSExperiment3\DSExperiment3\DSExperiment3.vcxproj”在节点 2 上(Build 个目标)。
     1>ClCompile:
         E:\Program Files (x86)\Microsoft Visual Studio 14.0\VC\bin\CL.exe /c /ZI /nologo /W3 /WX- /Od /Oy- /D WIN32 /D _DEBUG /D _CONSOLE /D _UNICODE /D UNICODE /Gm /EHsc /RTC1 /MDd /GS /fp:precise /Zc:wchar_t /Zc:forScope /Zc:inline /Fo"Debug\\" /Fd"Debug\vc140.pdb" /Gd /TC /analyze- /errorReport:prompt BinaryTree.c main.c
         main.c
     1>f:\documents\visual studio 2015\projects\dsexperiment3\dsexperiment3\main.c(37): warning C4013: “printf”未定义；假设外部返回 int
     1>f:\documents\visual studio 2015\projects\dsexperiment3\dsexperiment3\main.c(50): warning C4013: “system”未定义；假设外部返回 int
         BinaryTree.c
     1>f:\documents\visual studio 2015\projects\dsexperiment3\dsexperiment3\binarytree.c(52): warning C4996: 'scanf': This function or variable may be unsafe. Consider using scanf_s instead. To disable deprecation, use _CRT_SECURE_NO_WARNINGS. See online help for details.
         c:\program files (x86)\windows kits\10\include\10.0.10150.0\ucrt\stdio.h(1270): note: 参见“scanf”的声明
     1>f:\documents\visual studio 2015\projects\dsexperiment3\dsexperiment3\binarytree.c(53): warning C4474: printf: 格式字符串中传递的参数太多
         f:\documents\visual studio 2015\projects\dsexperiment3\dsexperiment3\binarytree.c(53): note: placeholders and their parameters expect 0 variadic arguments, but 1 were provided
     1>f:\documents\visual studio 2015\projects\dsexperiment3\dsexperiment3\binarytree.c(55): warning C4996: 'scanf': This function or variable may be unsafe. Consider using scanf_s instead. To disable deprecation, use _CRT_SECURE_NO_WARNINGS. See online help for details.
         c:\program files (x86)\windows kits\10\include\10.0.10150.0\ucrt\stdio.h(1270): note: 参见“scanf”的声明
     1>f:\documents\visual studio 2015\projects\dsexperiment3\dsexperiment3\binarytree.c(60): warning C4474: printf: 格式字符串中传递的参数太多
         f:\documents\visual studio 2015\projects\dsexperiment3\dsexperiment3\binarytree.c(60): note: placeholders and their parameters expect 0 variadic arguments, but 1 were provided
     1>f:\documents\visual studio 2015\projects\dsexperiment3\dsexperiment3\binarytree.c(61): warning C4996: 'scanf': This function or variable may be unsafe. Consider using scanf_s instead. To disable deprecation, use _CRT_SECURE_NO_WARNINGS. See online help for details.
         c:\program files (x86)\windows kits\10\include\10.0.10150.0\ucrt\stdio.h(1270): note: 参见“scanf”的声明
         正在生成代码...
       Link:
         E:\Program Files (x86)\Microsoft Visual Studio 14.0\VC\bin\link.exe /ERRORREPORT:PROMPT /OUT:"f:\Documents\Visual Studio 2015\Projects\DSExperiment3\Debug\DSExperiment3.exe" /INCREMENTAL /NOLOGO kernel32.lib user32.lib gdi32.lib winspool.lib comdlg32.lib advapi32.lib shell32.lib ole32.lib oleaut32.lib uuid.lib odbc32.lib odbccp32.lib /MANIFEST /MANIFESTUAC:"level='asInvoker' uiAccess='false'" /manifest:embed /Debug /PDB:"f:\Documents\Visual Studio 2015\Projects\DSExperiment3\Debug\DSExperiment3.pdb" /SUBSYSTEM:CONSOLE /TLBID:1 /DYNAMICBASE /NXCOMPAT /IMPLIB:"f:\Documents\Visual Studio 2015\Projects\DSExperiment3\Debug\DSExperiment3.lib" /MACHINE:X86 Debug\BinaryTree.obj
         Debug\main.obj
         Debug\Queue.obj
         Debug\Stack.obj
         DSExperiment3.vcxproj -> f:\Documents\Visual Studio 2015\Projects\DSExperiment3\Debug\DSExperiment3.exe
     1>已完成生成项目“f:\Documents\Visual Studio 2015\Projects\DSExperiment3\DSExperiment3\DSExperiment3.vcxproj”(Build 个目标)的操作。

已成功生成。

已用时间 00:00:02.87
